{"/Users/ajexjoshy/Documents/React JS/Project Based Learnig/6.HungryDine-3/Testing/sum.js": {"path":"/Users/ajexjoshy/Documents/React JS/Project Based Learnig/6.HungryDine-3/Testing/sum.js","statementMap":{"0":{"start":{"line":2,"column":2},"end":{"line":2,"column":15}}},"fnMap":{"0":{"name":"sum","decl":{"start":{"line":1,"column":16},"end":{"line":1,"column":19}},"loc":{"start":{"line":1,"column":26},"end":{"line":3,"column":1}},"line":1}},"branchMap":{},"s":{"0":1},"f":{"0":1},"b":{},"_coverageSchema":"1a1c01bbd47fc00a2c39e90264f33305004495a9","hash":"8ad7d8c7327fc69d6359a75baf550d5583e52843"}
}
