{"/Users/ajexjoshy/Documents/React JS/Project Based Learnig/6.HungryDine-3/Testing/sum.js": {"path":"/Users/ajexjoshy/Documents/React JS/Project Based Learnig/6.HungryDine-3/Testing/sum.js","statementMap":{"0":{"start":{"line":2,"column":2},"end":{"line":2,"column":15}}},"fnMap":{"0":{"name":"sum","decl":{"start":{"line":1,"column":16},"end":{"line":1,"column":19}},"loc":{"start":{"line":1,"column":26},"end":{"line":3,"column":1}},"line":1}},"branchMap":{},"s":{"0":1},"f":{"0":1},"b":{},"_coverageSchema":"1a1c01bbd47fc00a2c39e90264f33305004495a9","hash":"8ad7d8c7327fc69d6359a75baf550d5583e52843"}
,"/Users/ajexjoshy/Documents/React JS/Project Based Learnig/6.HungryDine-3/src/components/Contact.jsx": {"path":"/Users/ajexjoshy/Documents/React JS/Project Based Learnig/6.HungryDine-3/src/components/Contact.jsx","statementMap":{"0":{"start":{"line":1,"column":16},"end":{"line":29,"column":1}},"1":{"start":{"line":2,"column":2},"end":{"line":28,"column":4}}},"fnMap":{"0":{"name":"(anonymous_0)","decl":{"start":{"line":1,"column":16},"end":{"line":1,"column":17}},"loc":{"start":{"line":1,"column":22},"end":{"line":29,"column":1}},"line":1}},"branchMap":{},"s":{"0":1,"1":2},"f":{"0":2},"b":{},"_coverageSchema":"1a1c01bbd47fc00a2c39e90264f33305004495a9","hash":"4bdb9d9ba903f92dd0189e37e5945b2e55f09de7"}
,"/Users/ajexjoshy/Documents/React JS/Project Based Learnig/6.HungryDine-3/src/components/Header.jsx": {"path":"/Users/ajexjoshy/Documents/React JS/Project Based Learnig/6.HungryDine-3/src/components/Header.jsx","statementMap":{"0":{"start":{"line":9,"column":15},"end":{"line":57,"column":1}},"1":{"start":{"line":10,"column":36},"end":{"line":10,"column":53}},"2":{"start":{"line":11,"column":15},"end":{"line":11,"column":38}},"3":{"start":{"line":12,"column":19},"end":{"line":12,"column":42}},"4":{"start":{"line":15,"column":20},"end":{"line":15,"column":60}},"5":{"start":{"line":15,"column":43},"end":{"line":15,"column":59}},"6":{"start":{"line":17,"column":2},"end":{"line":56,"column":4}},"7":{"start":{"line":46,"column":14},"end":{"line":48,"column":40}}},"fnMap":{"0":{"name":"(anonymous_0)","decl":{"start":{"line":9,"column":15},"end":{"line":9,"column":16}},"loc":{"start":{"line":9,"column":21},"end":{"line":57,"column":1}},"line":9},"1":{"name":"(anonymous_1)","decl":{"start":{"line":15,"column":32},"end":{"line":15,"column":33}},"loc":{"start":{"line":15,"column":43},"end":{"line":15,"column":59}},"line":15},"2":{"name":"(anonymous_2)","decl":{"start":{"line":45,"column":21},"end":{"line":45,"column":22}},"loc":{"start":{"line":45,"column":27},"end":{"line":49,"column":13}},"line":45}},"branchMap":{"0":{"loc":{"start":{"line":40,"column":21},"end":{"line":40,"column":61}},"type":"cond-expr","locations":[{"start":{"line":40,"column":50},"end":{"line":40,"column":54}},{"start":{"line":40,"column":57},"end":{"line":40,"column":61}}],"line":40},"1":{"loc":{"start":{"line":46,"column":14},"end":{"line":48,"column":39}},"type":"cond-expr","locations":[{"start":{"line":47,"column":18},"end":{"line":47,"column":40}},{"start":{"line":48,"column":18},"end":{"line":48,"column":39}}],"line":46}},"s":{"0":1,"1":4,"2":4,"3":4,"4":4,"5":7,"6":4,"7":1},"f":{"0":4,"1":7,"2":1},"b":{"0":[4,0],"1":[1,0]},"_coverageSchema":"1a1c01bbd47fc00a2c39e90264f33305004495a9","hash":"32d7d4c5c0216da2afd97c06bba2aabf0bf8da99"}
,"/Users/ajexjoshy/Documents/React JS/Project Based Learnig/6.HungryDine-3/src/utils/UserContext.js": {"path":"/Users/ajexjoshy/Documents/React JS/Project Based Learnig/6.HungryDine-3/src/utils/UserContext.js","statementMap":{"0":{"start":{"line":3,"column":20},"end":{"line":7,"column":2}}},"fnMap":{},"branchMap":{},"s":{"0":1},"f":{},"b":{},"_coverageSchema":"1a1c01bbd47fc00a2c39e90264f33305004495a9","hash":"4559989d4e06a6351b5dd8cef30edfca60c08b5d"}
,"/Users/ajexjoshy/Documents/React JS/Project Based Learnig/6.HungryDine-3/src/utils/appStore.js": {"path":"/Users/ajexjoshy/Documents/React JS/Project Based Learnig/6.HungryDine-3/src/utils/appStore.js","statementMap":{"0":{"start":{"line":4,"column":17},"end":{"line":8,"column":2}}},"fnMap":{},"branchMap":{},"s":{"0":1},"f":{},"b":{},"_coverageSchema":"1a1c01bbd47fc00a2c39e90264f33305004495a9","hash":"e3c1f9d3c15ac95b2897da0e450d8c64b0c5f18d"}
,"/Users/ajexjoshy/Documents/React JS/Project Based Learnig/6.HungryDine-3/src/utils/cartSlice.js": {"path":"/Users/ajexjoshy/Documents/React JS/Project Based Learnig/6.HungryDine-3/src/utils/cartSlice.js","statementMap":{"0":{"start":{"line":3,"column":18},"end":{"line":23,"column":2}},"1":{"start":{"line":10,"column":6},"end":{"line":10,"column":39}},"2":{"start":{"line":13,"column":6},"end":{"line":13,"column":24}},"3":{"start":{"line":16,"column":6},"end":{"line":16,"column":29}},"4":{"start":{"line":25,"column":50},"end":{"line":25,"column":67}}},"fnMap":{"0":{"name":"(anonymous_0)","decl":{"start":{"line":9,"column":13},"end":{"line":9,"column":14}},"loc":{"start":{"line":9,"column":32},"end":{"line":11,"column":5}},"line":9},"1":{"name":"(anonymous_1)","decl":{"start":{"line":12,"column":16},"end":{"line":12,"column":17}},"loc":{"start":{"line":12,"column":27},"end":{"line":14,"column":5}},"line":12},"2":{"name":"(anonymous_2)","decl":{"start":{"line":15,"column":15},"end":{"line":15,"column":16}},"loc":{"start":{"line":15,"column":26},"end":{"line":21,"column":5}},"line":15}},"branchMap":{},"s":{"0":1,"1":0,"2":0,"3":0,"4":1},"f":{"0":0,"1":0,"2":0},"b":{},"_coverageSchema":"1a1c01bbd47fc00a2c39e90264f33305004495a9","hash":"e5ae3710d716a053a08b3d354f852c819f795b71"}
,"/Users/ajexjoshy/Documents/React JS/Project Based Learnig/6.HungryDine-3/src/utils/constants.js": {"path":"/Users/ajexjoshy/Documents/React JS/Project Based Learnig/6.HungryDine-3/src/utils/constants.js","statementMap":{"0":{"start":{"line":2,"column":2},"end":{"line":2,"column":112}},"1":{"start":{"line":4,"column":2},"end":{"line":4,"column":85}},"2":{"start":{"line":6,"column":2},"end":{"line":6,"column":139}},"3":{"start":{"line":8,"column":2},"end":{"line":8,"column":154}},"4":{"start":{"line":10,"column":2},"end":{"line":10,"column":97}}},"fnMap":{},"branchMap":{},"s":{"0":1,"1":1,"2":1,"3":1,"4":1},"f":{},"b":{},"_coverageSchema":"1a1c01bbd47fc00a2c39e90264f33305004495a9","hash":"0056b8dc1285ecdd947a084107efbc8e958caf15"}
,"/Users/ajexjoshy/Documents/React JS/Project Based Learnig/6.HungryDine-3/src/utils/useOnlineStatus.js": {"path":"/Users/ajexjoshy/Documents/React JS/Project Based Learnig/6.HungryDine-3/src/utils/useOnlineStatus.js","statementMap":{"0":{"start":{"line":3,"column":24},"end":{"line":11,"column":1}},"1":{"start":{"line":4,"column":42},"end":{"line":4,"column":56}},"2":{"start":{"line":6,"column":2},"end":{"line":9,"column":5}},"3":{"start":{"line":7,"column":4},"end":{"line":7,"column":69}},"4":{"start":{"line":7,"column":45},"end":{"line":7,"column":67}},"5":{"start":{"line":8,"column":4},"end":{"line":8,"column":67}},"6":{"start":{"line":8,"column":44},"end":{"line":8,"column":65}},"7":{"start":{"line":10,"column":2},"end":{"line":10,"column":22}}},"fnMap":{"0":{"name":"(anonymous_0)","decl":{"start":{"line":3,"column":24},"end":{"line":3,"column":25}},"loc":{"start":{"line":3,"column":30},"end":{"line":11,"column":1}},"line":3},"1":{"name":"(anonymous_1)","decl":{"start":{"line":6,"column":12},"end":{"line":6,"column":13}},"loc":{"start":{"line":6,"column":18},"end":{"line":9,"column":3}},"line":6},"2":{"name":"(anonymous_2)","decl":{"start":{"line":7,"column":39},"end":{"line":7,"column":40}},"loc":{"start":{"line":7,"column":45},"end":{"line":7,"column":67}},"line":7},"3":{"name":"(anonymous_3)","decl":{"start":{"line":8,"column":38},"end":{"line":8,"column":39}},"loc":{"start":{"line":8,"column":44},"end":{"line":8,"column":65}},"line":8}},"branchMap":{},"s":{"0":1,"1":4,"2":4,"3":4,"4":0,"5":4,"6":0,"7":4},"f":{"0":4,"1":4,"2":0,"3":0},"b":{},"_coverageSchema":"1a1c01bbd47fc00a2c39e90264f33305004495a9","hash":"28adc513edeecf0c42ee4aed5c17c6c94d8de3a6"}
}
